<?xml version="1.0" encoding="UTF-8"?>
<!-- Generated by org.testng.reporters.JUnitXMLReporter -->
<testsuite ignored="0" hostname="47f2b320546b56c" failures="0" tests="26" name="Surefire test" time="0.149" errors="0" timestamp="2025-09-25T21:16:29 IST">
  <testcase classname="repository.AccountRepositoryTest" name="existsAndDelete" time="0.004"/>
  <testcase classname="repository.AccountRepositoryTest" name="saveAndFind" time="0.0"/>
  <testcase classname="service.AccountServiceTest" name="createAndGet" time="0.001"/>
  <testcase classname="service.AccountServiceTest" name="duplicateThrows" time="0.0"/>
  <testcase classname="service.AccountServiceTest" name="getNotFound" time="0.0"/>
  <testcase classname="service.AccountServiceTest" name="getBalancePrecision" time="0.001"/>
  <testcase classname="service.AccountServiceTest" name="onePerTypePerCustomer" time="0.0"/>
  <testcase classname="service.BankStatementServiceTest" name="dateBoundsIncludeNow" time="0.013"/>
  <testcase classname="service.BankStatementServiceTest" name="statementContainsAll" time="0.001"/>
  <testcase classname="service.TransactionServiceTest" name="deposit_DataDriven" time="0.001"/>
  <testcase classname="service.TransactionServiceTest" name="deposit_DataDriven" time="0.0"/>
  <testcase classname="service.TransactionServiceTest" name="deposit_DataDriven" time="0.001"/>
  <testcase classname="service.TransactionServiceTest" name="deposit_AccountNotFound" time="0.001"/>
  <testcase classname="service.TransactionServiceTest" name="withdraw_DataDriven" time="0.001"/>
  <testcase classname="service.TransactionServiceTest" name="withdraw_DataDriven" time="0.0"/>
  <testcase classname="service.TransactionServiceTest" name="withdraw_DataDriven" time="0.001"/>
  <testcase classname="service.TransactionServiceTest" name="withdraw_DataDriven" time="0.0"/>
  <testcase classname="service.TransactionServiceTest" name="withdraw_Insufficient" time="0.0"/>
  <testcase classname="service.TransactionServiceTest" name="withdraw_AccountNotFound" time="0.0"/>
  <testcase classname="service.TransactionServiceTest" name="transfer_DataDriven" time="0.0"/>
  <testcase classname="service.TransactionServiceTest" name="transfer_DataDriven" time="0.0"/>
  <testcase classname="service.TransactionServiceTest" name="transfer_DataDriven" time="0.0"/>
  <testcase classname="service.TransactionServiceTest" name="transfer_DataDriven" time="0.0"/>
  <testcase classname="service.TransactionServiceTest" name="transfer_DataDriven" time="0.0"/>
  <testcase classname="service.TransactionServiceTest" name="transfer_DataDriven" time="0.0"/>
  <testcase classname="service.TransactionServiceTest" name="transfer_SameAccount_MessageCheck" time="0.001"/>
</testsuite> <!-- Surefire test -->
