<?xml version="1.0" encoding="UTF-8"?>
<testsuite xmlns:xsi="http://www.w3.org/2001/XMLSchema-instance" xsi:noNamespaceSchemaLocation="https://maven.apache.org/surefire/maven-surefire-plugin/xsd/surefire-test-report-3.0.xsd" version="3.0" name="TestSuite" time="0.787" tests="26" errors="0" skipped="0" failures="0">
  <properties>
[...]
</properties>
  <testcase name="existsAndDelete" classname="repository.AccountRepositoryTest" time="0.005">
    <system-err><![CDATA[SLF4J(W): No SLF4J providers were found.
SLF4J(W): Defaulting to no-operation (NOP) logger implementation
SLF4J(W): See https://www.slf4j.org/codes.html#noProviders for further details.
]]></system-err>
  </testcase>
  <testcase name="saveAndFind" classname="repository.AccountRepositoryTest" time="0.0"/>
  <testcase name="createAndGet" classname="service.AccountServiceTest" time="0.0"/>
  <testcase name="duplicateThrows" classname="service.AccountServiceTest" time="0.001"/>
  <testcase name="getNotFound" classname="service.AccountServiceTest" time="0.001"/>
  <testcase name="getBalancePrecision" classname="service.AccountServiceTest" time="0.0"/>
  <testcase name="onePerTypePerCustomer" classname="service.AccountServiceTest" time="0.0"/>
  <testcase name="dateBoundsIncludeNow" classname="service.BankStatementServiceTest" time="0.014"/>
  <testcase name="statementContainsAll" classname="service.BankStatementServiceTest" time="0.001"/>
  <testcase name="deposit_DataDriven[A1, 100.00, true](1)" classname="service.TransactionServiceTest" time="0.001"/>
  <testcase name="deposit_DataDriven[A1, 0.00, false](2)" classname="service.TransactionServiceTest" time="0.0"/>
  <testcase name="deposit_DataDriven[A1, -5.00, false](3)" classname="service.TransactionServiceTest" time="0.001"/>
  <testcase name="deposit_AccountNotFound" classname="service.TransactionServiceTest" time="0.0"/>
  <testcase name="withdraw_DataDriven[A1, 100.00, true](1)" classname="service.TransactionServiceTest" time="0.001"/>
  <testcase name="withdraw_DataDriven[A1, 1000.00, true](2)" classname="service.TransactionServiceTest" time="0.0"/>
  <testcase name="withdraw_DataDriven[A1, 1000.01, false](3)" classname="service.TransactionServiceTest" time="0.0"/>
  <testcase name="withdraw_DataDriven[A2, 0.00, false](4)" classname="service.TransactionServiceTest" time="0.0"/>
  <testcase name="withdraw_Insufficient" classname="service.TransactionServiceTest" time="0.0"/>
  <testcase name="withdraw_AccountNotFound" classname="service.TransactionServiceTest" time="0.001"/>
  <testcase name="transfer_DataDriven[A1, A2, 300.00, true](1)" classname="service.TransactionServiceTest" time="0.0"/>
  <testcase name="transfer_DataDriven[A2, A1, 1000.00, false](2)" classname="service.TransactionServiceTest" time="0.0"/>
  <testcase name="transfer_DataDriven[A1, A1, 10.00, false](3)" classname="service.TransactionServiceTest" time="0.0"/>
  <testcase name="transfer_DataDriven[NOPE, A1, 10.00, false](4)" classname="service.TransactionServiceTest" time="0.0"/>
  <testcase name="transfer_DataDriven[A1, NOPE, 10.00, false](5)" classname="service.TransactionServiceTest" time="0.0"/>
  <testcase name="transfer_DataDriven[A1, A2, 0.00, false](6)" classname="service.TransactionServiceTest" time="0.0"/>
  <testcase name="transfer_SameAccount_MessageCheck" classname="service.TransactionServiceTest" time="0.0"/>
</testsuite>